<?xml version="1.0" encoding="UTF-8"?>
<testsuite xmlns:xsi="http://www.w3.org/2001/XMLSchema-instance" xsi:noNamespaceSchemaLocation="https://maven.apache.org/surefire/maven-surefire-plugin/xsd/surefire-test-report-3.0.xsd" version="3.0" name="uni.smartcampus.repo.RepoTest" time="0.2" tests="4" errors="0" skipped="0" failures="0">
  <properties>
[...]
</properties>
  <testcase name="testWriteMeasurements" classname="uni.smartcampus.repo.RepoTest" time="0.051">
    <system-out><![CDATA[
=== logs.csv contents ===
timestamp,buildingId,sensorId,value,unit
2025-01-01T08:00,01,TMP-11,21.5,C
2025-01-01T08:05,01,TMP-12,23.0,C
2025-01-01T08:10,01,POW-11,14.2,KW
]]></system-out>
  </testcase>
  <testcase name="testWriteAlerts" classname="uni.smartcampus.repo.RepoTest" time="0.011">
    <system-out><![CDATA[
=== alerts.csv contents ===
timestamp,buildingId,severity,metricType,message
2025-01-01T08:00,01,CRITICAL,CURRENT_TEMPERATURE,"Temperature at 35.0°C - CRITICAL"
2025-01-01T08:05,01,WARNING,CURRENT_POWER_CONSUMPTION,"Power consumption at 95.0 kW - WARNING"
]]></system-out>
  </testcase>
  <testcase name="testReadMeasurements" classname="uni.smartcampus.repo.RepoTest" time="0.018">
    <system-out><![CDATA[
=== Measurements read from logs.csv ===
Sensor: TMP-11
[2025-01-01T08:00] - 21.5 C
Sensor: TMP-12
[2025-01-01T08:05] - 23.0 C
Sensor: POW-11
[2025-01-01T08:10] - 14.2 KW
]]></system-out>
  </testcase>
  <testcase name="testReadAlerts" classname="uni.smartcampus.repo.RepoTest" time="0.009">
    <system-out><![CDATA[
=== Alerts read from alerts.csv ===
[2025-01-01T08:00] ALERT: CRITICAL CURRENT_TEMPERATURE exeeded in Building #01 with message: Temperature at 35.0°C - CRITICAL
[2025-01-01T08:05] ALERT: WARNING CURRENT_POWER_CONSUMPTION exeeded in Building #01 with message: Power consumption at 95.0 kW - WARNING
]]></system-out>
  </testcase>
</testsuite>