<?xml version="1.0" encoding="UTF-8"?>
<testsuite xmlns:xsi="http://www.w3.org/2001/XMLSchema-instance" xsi:noNamespaceSchemaLocation="https://maven.apache.org/surefire/maven-surefire-plugin/xsd/surefire-test-report-3.0.xsd" version="3.0" name="uni.smartcampus.service.ServiceTest" time="0.178" tests="2" errors="0" skipped="0" failures="0">
  <properties>
[...]
</properties>
  <testcase name="testAlert" classname="uni.smartcampus.service.ServiceTest" time="0.079">
    <system-out><![CDATA[Simulating a campus with two building and sensors on each one. Generating random measurements and displaying each object.


=======Building #1=========

Building ID: 01
Name: Building #1
Sensors:
Sensor ID: POW-11
Sensor Type: ENERGY
Measurement(s):
[2026-03-23T18:54:50.605019700] - 290.57 KWH
[2026-03-23T18:54:50.607016700] - 327.64 KW
[2026-03-23T18:54:50.608008300] - 329.35 KWH
[2026-03-23T18:54:50.608008300] - 430.82 KW
[2026-03-23T18:54:50.608008300] - 141.12 KWH
[2026-03-23T18:54:50.608008300] - 245.05 KW
[2026-03-23T18:54:50.608008300] - 244.46 KWH
[2026-03-23T18:54:50.608008300] - 385.32 KW
[2026-03-23T18:54:50.608008300] - 273.74 KWH
[2026-03-23T18:54:50.608008300] - 227.68 KW
[2026-03-23T18:54:50.608008300] - 119.94 KWH
[2026-03-23T18:54:50.608008300] - 260.14 KW
[2026-03-23T18:54:50.608008300] - 417.01 KWH
[2026-03-23T18:54:50.608008300] - 226.76 KW
[2026-03-23T18:54:50.608008300] - 452.79 KWH
[2026-03-23T18:54:50.608008300] - 236.01 KW
[2026-03-23T18:54:50.608008300] - 139.52 KWH
[2026-03-23T18:54:50.608008300] - 183.56 KW
[2026-03-23T18:54:50.608008300] - 189.87 KWH
[2026-03-23T18:54:50.608008300] - 337.75 KW
[2026-03-23T18:54:50.608008300] - 477.68 KWH
[2026-03-23T18:54:50.608008300] - 385.58 KW
Sensor ID: POW-12
Sensor Type: ENERGY
Measurement(s):
[2026-03-23T18:54:50.607016700] - 234.22 KWH
[2026-03-23T18:54:50.607016700] - 336.4 KW
[2026-03-23T18:54:50.608008300] - 313.49 KWH
[2026-03-23T18:54:50.608008300] - 129.48 KW
[2026-03-23T18:54:50.608008300] - 406.16 KWH
[2026-03-23T18:54:50.608008300] - 169.76 KW
[2026-03-23T18:54:50.608008300] - 346.42 KWH
[2026-03-23T18:54:50.608008300] - 404.48 KW
[2026-03-23T18:54:50.608008300] - 141.16 KWH
[2026-03-23T18:54:50.608008300] - 378.43 KW
[2026-03-23T18:54:50.608008300] - 403.93 KWH
[2026-03-23T18:54:50.608008300] - 102.02 KW
[2026-03-23T18:54:50.608008300] - 122.41 KWH
[2026-03-23T18:54:50.608008300] - 110.33 KW
[2026-03-23T18:54:50.608008300] - 190.29 KWH
[2026-03-23T18:54:50.608008300] - 247.72 KW
[2026-03-23T18:54:50.608008300] - 355.68 KWH
[2026-03-23T18:54:50.608008300] - 288.47 KW
[2026-03-23T18:54:50.608008300] - 286.04 KWH
[2026-03-23T18:54:50.608008300] - 340.59 KW
[2026-03-23T18:54:50.608008300] - 243.87 KWH
[2026-03-23T18:54:50.608008300] - 315.79 KW
Sensor ID: TMP-11
Sensor Type: TEMPERATURE
Measurement(s):
[2026-03-23T18:54:50.608008300] - 25.81 C
[2026-03-23T18:54:50.608008300] - 23.4 C
[2026-03-23T18:54:50.608008300] - 21.34 C
[2026-03-23T18:54:50.608008300] - 19.89 C
[2026-03-23T18:54:50.608008300] - 24.62 C
[2026-03-23T18:54:50.608008300] - 23.54 C
[2026-03-23T18:54:50.608008300] - 24.6 C
[2026-03-23T18:54:50.608008300] - 19.33 C
[2026-03-23T18:54:50.608008300] - 24.46 C
[2026-03-23T18:54:50.608008300] - 27.08 C
[2026-03-23T18:54:50.608008300] - 25.09 C
Sensor ID: TMP-12
Sensor Type: TEMPERATURE
Measurement(s):
[2026-03-23T18:54:50.608008300] - 19.6 C
[2026-03-23T18:54:50.608008300] - 20.75 C
[2026-03-23T18:54:50.608008300] - 24.22 C
[2026-03-23T18:54:50.608008300] - 22.3 C
[2026-03-23T18:54:50.608008300] - 22.82 C
[2026-03-23T18:54:50.608008300] - 21.66 C
[2026-03-23T18:54:50.608008300] - 19.72 C
[2026-03-23T18:54:50.608008300] - 27.98 C
[2026-03-23T18:54:50.608008300] - 23.54 C
[2026-03-23T18:54:50.608008300] - 27.57 C
[2026-03-23T18:54:50.608008300] - 27.63 C


=======Building #2=========

Building ID: 02
Name: Building #2
Sensors: NaN

===============
===============


Metrics:
Metric: AVERAGE_TEMPERATURE
23.497727272727275 °C (LAST_1000) - Building: 01
Metric: TOTAL_ENERGY_CONSUMPTION
6119.72 kWh (LAST_1000) - Building: 01

Aggregate Alert Status:
Temperature OK
ALERT: Energy consumption at 6,120 kWh - WARNING

Per-sensor Alert Status:
SENSOR ALERT [POW-11]: Power consumption at 327.6 kW - CRITICAL
SENSOR ALERT [POW-11]: Power consumption at 430.8 kW - CRITICAL
SENSOR ALERT [POW-11]: Power consumption at 245.1 kW - CRITICAL
SENSOR ALERT [POW-11]: Power consumption at 385.3 kW - CRITICAL
SENSOR ALERT [POW-11]: Power consumption at 227.7 kW - CRITICAL
SENSOR ALERT [POW-11]: Power consumption at 260.1 kW - CRITICAL
SENSOR ALERT [POW-11]: Power consumption at 226.8 kW - CRITICAL
SENSOR ALERT [POW-11]: Power consumption at 236.0 kW - CRITICAL
SENSOR ALERT [POW-11]: Power consumption at 183.6 kW - CRITICAL
SENSOR ALERT [POW-11]: Power consumption at 337.8 kW - CRITICAL
SENSOR ALERT [POW-11]: Power consumption at 385.6 kW - CRITICAL
SENSOR ALERT [POW-12]: Power consumption at 336.4 kW - CRITICAL
SENSOR ALERT [POW-12]: Power consumption at 129.5 kW - CRITICAL
SENSOR ALERT [POW-12]: Power consumption at 169.8 kW - CRITICAL
SENSOR ALERT [POW-12]: Power consumption at 404.5 kW - CRITICAL
SENSOR ALERT [POW-12]: Power consumption at 378.4 kW - CRITICAL
SENSOR ALERT [POW-12]: Power consumption at 102.0 kW - CRITICAL
SENSOR ALERT [POW-12]: Power consumption at 110.3 kW - CRITICAL
SENSOR ALERT [POW-12]: Power consumption at 247.7 kW - CRITICAL
SENSOR ALERT [POW-12]: Power consumption at 288.5 kW - CRITICAL
SENSOR ALERT [POW-12]: Power consumption at 340.6 kW - CRITICAL
SENSOR ALERT [POW-12]: Power consumption at 315.8 kW - CRITICAL
Total alerts raised: 23
]]></system-out>
  </testcase>
  <testcase name="testMetrics" classname="uni.smartcampus.service.ServiceTest" time="0.027">
    <system-out><![CDATA[

Generating Metrics:
Metric: PEAK_POWER
477.68 kW (LAST_1000) - Building: 01
Metric: TOTAL_ENERGY_CONSUMPTION
6119.72 kWh (LAST_1000) - Building: 01
Metric: AVERAGE_TEMPERATURE
23.497727272727275 °C (LAST_1000) - Building: 01
Metric: CURRENT_TEMPERATURE
22.705 °C (LAST_1000) - Building: 01
Metric: CURRENT_POWER_CONSUMPTION
280.15 kW (LAST_1000) - Building: 01
]]></system-out>
  </testcase>
</testsuite>