<?xml version="1.0" encoding="UTF-8"?>
<testsuite xmlns:xsi="http://www.w3.org/2001/XMLSchema-instance" xsi:noNamespaceSchemaLocation="https://maven.apache.org/surefire/maven-surefire-plugin/xsd/surefire-test-report-3.0.xsd" version="3.0" name="uni.smartcampus.model.ModelTest" time="0.152" tests="1" errors="0" skipped="0" failures="0">
  <properties>
[...]
</properties>
  <testcase name="testMetrics" classname="uni.smartcampus.model.ModelTest" time="0.066">
    <system-out><![CDATA[Simulating a campus with two building and sensors on each one. Generating random measurements and displaying each object.


=======Building #1=========

Building ID: 01
Name: Building #1
Sensors:
Sensor ID: POW-11
Sensor Type: ENERGY
Measurement(s):
[2026-03-16T17:37:26.850085900] - 205.24 KWH
[2026-03-16T17:37:26.854082800] - 441.88 KWH
[2026-03-16T17:37:26.854082800] - 452.97 KWH
[2026-03-16T17:37:26.854082800] - 231.15 KWH
[2026-03-16T17:37:26.854082800] - 360.27 KWH
[2026-03-16T17:37:26.854082800] - 456.49 KWH
[2026-03-16T17:37:26.854082800] - 145.71 KWH
[2026-03-16T17:37:26.854082800] - 299.14 KWH
[2026-03-16T17:37:26.854082800] - 311.45 KWH
[2026-03-16T17:37:26.854082800] - 381.2 KWH
[2026-03-16T17:37:26.854082800] - 441.65 KWH
Sensor ID: POW-12
Sensor Type: ENERGY
Measurement(s):
[2026-03-16T17:37:26.854082800] - 126.21 KWH
[2026-03-16T17:37:26.854082800] - 429.18 KWH
[2026-03-16T17:37:26.854082800] - 491.11 KWH
[2026-03-16T17:37:26.854082800] - 339.44 KWH
[2026-03-16T17:37:26.854082800] - 357.57 KWH
[2026-03-16T17:37:26.854082800] - 484.56 KWH
[2026-03-16T17:37:26.854082800] - 304.48 KWH
[2026-03-16T17:37:26.854082800] - 473.92 KWH
[2026-03-16T17:37:26.854082800] - 339.88 KWH
[2026-03-16T17:37:26.854082800] - 216.31 KWH
[2026-03-16T17:37:26.854082800] - 415.81 KWH
Sensor ID: TMP-11
Sensor Type: TEMPERATURE
Measurement(s):
[2026-03-16T17:37:26.854082800] - 20.27 C
[2026-03-16T17:37:26.854082800] - 22.53 C
[2026-03-16T17:37:26.854082800] - 23.55 C
[2026-03-16T17:37:26.854082800] - 26.65 C
[2026-03-16T17:37:26.854082800] - 19.31 C
[2026-03-16T17:37:26.854082800] - 26.22 C
[2026-03-16T17:37:26.854082800] - 20.87 C
[2026-03-16T17:37:26.854082800] - 26.72 C
[2026-03-16T17:37:26.854082800] - 23.21 C
[2026-03-16T17:37:26.854082800] - 18.66 C
[2026-03-16T17:37:26.854082800] - 22.29 C
Sensor ID: TMP-12
Sensor Type: TEMPERATURE
Measurement(s):
[2026-03-16T17:37:26.854082800] - 23.21 C
[2026-03-16T17:37:26.854082800] - 26.15 C
[2026-03-16T17:37:26.854082800] - 27.21 C
[2026-03-16T17:37:26.854082800] - 19.51 C
[2026-03-16T17:37:26.854082800] - 26.25 C
[2026-03-16T17:37:26.854082800] - 27.04 C
[2026-03-16T17:37:26.854082800] - 27.42 C
[2026-03-16T17:37:26.854082800] - 18.25 C
[2026-03-16T17:37:26.854082800] - 20.88 C
[2026-03-16T17:37:26.854082800] - 18.32 C
[2026-03-16T17:37:26.854082800] - 21.98 C


=======Building #2=========

Building ID: 02
Name: Building #2
Sensors: NaN


Generating Metrics:
Metric: PEAK_POWER
456.49 (LAST_10) - Building: 01
Metric: TOTAL_ENERGY_CONSUMPTION
3521.9099999999994 (LAST_10) - Building: 01
Metric: AVERAGE_TEMPERATURE
0.0 (LAST_10) - Building: 01
]]></system-out>
  </testcase>
</testsuite>